ISim log file
Running: /home/csmajs/rleun005/Desktop/Lab_2/my_BCD_ALU_tb_isim_beh.exe -intstyle ise -gui -tclbatch isim.cmd -wdb /home/csmajs/rleun005/Desktop/Lab_2/my_BCD_ALU_tb_isim_beh.wdb 
ISim P.68d (signature 0xfbc00daa)
----------------------------------------------------------------------
INFO:Security:50 - The XILINXD_LICENSE_FILE environment variable is set to '2100@elguapo.cs.ucr.edu'.
INFO:Security:53 - The LM_LICENSE_FILE environment variable is not set.
WARNING:Security:43 - No license file was found in the standard Xilinx license directory.
WARNING:Security:44 - Since no license file was found,
       please run the Xilinx License Configuration Manager
       (xlcm or "Manage Xilinx Licenses")
       to assist in obtaining a license.
WARNING:Security:42 - Your software subscription period has lapsed. Your current version of Xilinx tools will continue to function, but you no longer qualify for Xilinx software updates or new releases.


----------------------------------------------------------------------
This is a Full version of ISim.
Time resolution is 1 ps
# onerror resume
# wave add /
# run 1000 ns
Simulator is doing circuit initialization process.
at 0 ps, Instance /my_bcd_alu_tb/uut/ : Warning: NUMERIC_STD.TO_INTEGER: metavalue detected, returning 0
at 0 ps, Instance /my_bcd_alu_tb/uut/ : Warning: NUMERIC_STD.TO_INTEGER: metavalue detected, returning 0
at 0 ps, Instance /my_bcd_alu_tb/uut/ : Warning: NUMERIC_STD.TO_INTEGER: metavalue detected, returning 0
at 0 ps, Instance /my_bcd_alu_tb/uut/ : Warning: NUMERIC_STD.TO_INTEGER: metavalue detected, returning 0
at 0 ps, Instance /my_bcd_alu_tb/uut/ : Warning: NUMERIC_STD.TO_INTEGER: metavalue detected, returning 0
at 0 ps, Instance /my_bcd_alu_tb/uut/ : Warning: NUMERIC_STD.TO_INTEGER: metavalue detected, returning 0
at 0 ps, Instance /my_bcd_alu_tb/uut/ : Warning: NUMERIC_STD.TO_INTEGER: metavalue detected, returning 0
at 0 ps, Instance /my_bcd_alu_tb/uut/ : Warning: NUMERIC_STD.TO_INTEGER: metavalue detected, returning 0
at 0 ps, Instance /my_bcd_alu_tb/uut/ : Warning: NUMERIC_STD.TO_INTEGER: metavalue detected, returning 0
at 0 ps, Instance /my_bcd_alu_tb/uut/ : Warning: NUMERIC_STD.TO_INTEGER: metavalue detected, returning 0
at 0 ps, Instance /my_bcd_alu_tb/uut/ : Warning: NUMERIC_STD.TO_INTEGER: metavalue detected, returning 0
at 0 ps, Instance /my_bcd_alu_tb/uut/ : Warning: NUMERIC_STD.TO_INTEGER: metavalue detected, returning 0
at 0 ps, Instance /my_bcd_alu_tb/uut/ : Warning: NUMERIC_STD.TO_INTEGER: metavalue detected, returning 0
at 0 ps, Instance /my_bcd_alu_tb/uut/ : Warning: NUMERIC_STD.TO_INTEGER: metavalue detected, returning 0
at 0 ps, Instance /my_bcd_alu_tb/uut/ : Warning: NUMERIC_STD.TO_INTEGER: metavalue detected, returning 0
at 0 ps, Instance /my_bcd_alu_tb/uut/ : Warning: NUMERIC_STD.TO_INTEGER: metavalue detected, returning 0
at 0 ps, Instance /my_bcd_alu_tb/uut/ : Warning: NUMERIC_STD.TO_INTEGER: metavalue detected, returning 0
at 0 ps, Instance /my_bcd_alu_tb/uut/ : Warning: NUMERIC_STD.TO_INTEGER: metavalue detected, returning 0
at 0 ps, Instance /my_bcd_alu_tb/uut/ : Warning: NUMERIC_STD.TO_INTEGER: metavalue detected, returning 0
at 0 ps, Instance /my_bcd_alu_tb/uut/ : Warning: NUMERIC_STD.TO_INTEGER: metavalue detected, returning 0
at 0 ps, Instance /my_bcd_alu_tb/uut/ : Warning: NUMERIC_STD.TO_INTEGER: metavalue detected, returning 0
at 0 ps, Instance /my_bcd_alu_tb/uut/ : Warning: NUMERIC_STD.TO_INTEGER: metavalue detected, returning 0
at 0 ps, Instance /my_bcd_alu_tb/uut/ : Warning: NUMERIC_STD.TO_INTEGER: metavalue detected, returning 0
at 0 ps, Instance /my_bcd_alu_tb/uut/ : Warning: NUMERIC_STD.TO_INTEGER: metavalue detected, returning 0
Finished circuit initialization process.
at 0 ps, Instance /my_bcd_alu_tb/uut/ : Warning: NUMERIC_STD.TO_INTEGER: metavalue detected, returning 0
at 0 ps, Instance /my_bcd_alu_tb/uut/ : Warning: NUMERIC_STD.TO_INTEGER: metavalue detected, returning 0
at 0 ps, Instance /my_bcd_alu_tb/uut/ : Warning: NUMERIC_STD.TO_INTEGER: metavalue detected, returning 0
at 0 ps, Instance /my_bcd_alu_tb/uut/ : Warning: NUMERIC_STD.TO_INTEGER: metavalue detected, returning 0
at 0 ps, Instance /my_bcd_alu_tb/uut/ : Warning: NUMERIC_STD.TO_INTEGER: metavalue detected, returning 0
at 0 ps, Instance /my_bcd_alu_tb/uut/ : Warning: NUMERIC_STD.TO_INTEGER: metavalue detected, returning 0
at 0 ps, Instance /my_bcd_alu_tb/uut/ : Warning: NUMERIC_STD.TO_INTEGER: metavalue detected, returning 0
at 0 ps, Instance /my_bcd_alu_tb/uut/ : Warning: NUMERIC_STD.TO_INTEGER: metavalue detected, returning 0
at 100 ns(1), Instance /my_bcd_alu_tb/uut/ : Warning: NUMERIC_STD."=": metavalue detected, returning FALSE
at 100 ns(1), Instance /my_bcd_alu_tb/uut/ : Warning: NUMERIC_STD.TO_INTEGER: metavalue detected, returning 0
at 100 ns(1), Instance /my_bcd_alu_tb/uut/ : Warning: NUMERIC_STD.TO_INTEGER: metavalue detected, returning 0
at 100 ns(1), Instance /my_bcd_alu_tb/uut/ : Warning: NUMERIC_STD.TO_INTEGER: metavalue detected, returning 0
at 100 ns(1), Instance /my_bcd_alu_tb/uut/ : Warning: NUMERIC_STD.TO_INTEGER: metavalue detected, returning 0
at 100 ns(1), Instance /my_bcd_alu_tb/uut/ : Warning: NUMERIC_STD.TO_INTEGER: metavalue detected, returning 0
at 100 ns(1), Instance /my_bcd_alu_tb/uut/ : Warning: NUMERIC_STD.TO_INTEGER: metavalue detected, returning 0
at 100 ns(1), Instance /my_bcd_alu_tb/uut/ : Warning: NUMERIC_STD.TO_INTEGER: metavalue detected, returning 0
at 100 ns(1), Instance /my_bcd_alu_tb/uut/ : Warning: NUMERIC_STD.TO_INTEGER: metavalue detected, returning 0
at 100 ns(2), Instance /my_bcd_alu_tb/uut/ : Warning: NUMERIC_STD.">=": metavalue detected, returning FALSE
at 100 ns(2), Instance /my_bcd_alu_tb/uut/ : Warning: NUMERIC_STD."<": metavalue detected, returning FALSE
at 100 ns(2), Instance /my_bcd_alu_tb/uut/ : Warning: NUMERIC_STD.TO_INTEGER: metavalue detected, returning 0
at 100 ns(2), Instance /my_bcd_alu_tb/uut/ : Warning: NUMERIC_STD.TO_INTEGER: metavalue detected, returning 0
at 100 ns(2), Instance /my_bcd_alu_tb/uut/ : Warning: NUMERIC_STD.TO_INTEGER: metavalue detected, returning 0
at 100 ns(2), Instance /my_bcd_alu_tb/uut/ : Warning: NUMERIC_STD.TO_INTEGER: metavalue detected, returning 0
at 100 ns(2), Instance /my_bcd_alu_tb/uut/ : Warning: NUMERIC_STD.TO_INTEGER: metavalue detected, returning 0
at 100 ns(2), Instance /my_bcd_alu_tb/uut/ : Warning: NUMERIC_STD.TO_INTEGER: metavalue detected, returning 0
at 100 ns(2), Instance /my_bcd_alu_tb/uut/ : Warning: NUMERIC_STD.TO_INTEGER: metavalue detected, returning 0
at 100 ns(2), Instance /my_bcd_alu_tb/uut/ : Warning: NUMERIC_STD.TO_INTEGER: metavalue detected, returning 0
at 100 ns(3), Instance /my_bcd_alu_tb/uut/ : Warning: NUMERIC_STD."=": metavalue detected, returning FALSE
at 100 ns(3), Instance /my_bcd_alu_tb/uut/ : Warning: NUMERIC_STD.TO_INTEGER: metavalue detected, returning 0
at 100 ns(3), Instance /my_bcd_alu_tb/uut/ : Warning: NUMERIC_STD.TO_INTEGER: metavalue detected, returning 0
at 100 ns(3), Instance /my_bcd_alu_tb/uut/ : Warning: NUMERIC_STD.TO_INTEGER: metavalue detected, returning 0
at 100 ns(3), Instance /my_bcd_alu_tb/uut/ : Warning: NUMERIC_STD.TO_INTEGER: metavalue detected, returning 0
at 100 ns(3), Instance /my_bcd_alu_tb/uut/ : Warning: NUMERIC_STD.TO_INTEGER: metavalue detected, returning 0
at 100 ns(3), Instance /my_bcd_alu_tb/uut/ : Warning: NUMERIC_STD.TO_INTEGER: metavalue detected, returning 0
at 100 ns(3), Instance /my_bcd_alu_tb/uut/ : Warning: NUMERIC_STD.TO_INTEGER: metavalue detected, returning 0
at 100 ns(3), Instance /my_bcd_alu_tb/uut/ : Warning: NUMERIC_STD.TO_INTEGER: metavalue detected, returning 0
at 100 ns(5), Instance /my_bcd_alu_tb/uut/ : Warning: NUMERIC_STD.TO_INTEGER: metavalue detected, returning 0
at 100 ns(5), Instance /my_bcd_alu_tb/uut/ : Warning: NUMERIC_STD.TO_INTEGER: metavalue detected, returning 0
at 100 ns(5), Instance /my_bcd_alu_tb/uut/ : Warning: NUMERIC_STD.TO_INTEGER: metavalue detected, returning 0
at 100 ns(5), Instance /my_bcd_alu_tb/uut/ : Warning: NUMERIC_STD.TO_INTEGER: metavalue detected, returning 0
at 100 ns(5), Instance /my_bcd_alu_tb/uut/ : Warning: NUMERIC_STD.TO_INTEGER: metavalue detected, returning 0
at 100 ns(5), Instance /my_bcd_alu_tb/uut/ : Warning: NUMERIC_STD.TO_INTEGER: metavalue detected, returning 0
at 100 ns(5), Instance /my_bcd_alu_tb/uut/ : Warning: NUMERIC_STD.TO_INTEGER: metavalue detected, returning 0
at 100 ns(5), Instance /my_bcd_alu_tb/uut/ : Warning: NUMERIC_STD.TO_INTEGER: metavalue detected, returning 0
# exit 0
