ISim log file
Running: /home/csmajs/rleun005/Desktop/Lab4/control_unit_tb_isim_beh.exe -intstyle ise -gui -tclbatch isim.cmd -wdb /home/csmajs/rleun005/Desktop/Lab4/control_unit_tb_isim_beh.wdb 
ISim P.68d (signature 0xfbc00daa)
----------------------------------------------------------------------
INFO:Security:50 - The XILINXD_LICENSE_FILE environment variable is set to '2100@elguapo.cs.ucr.edu'.
INFO:Security:53 - The LM_LICENSE_FILE environment variable is not set.
WARNING:Security:43 - No license file was found in the standard Xilinx license directory.
WARNING:Security:44 - Since no license file was found,
       please run the Xilinx License Configuration Manager
       (xlcm or "Manage Xilinx Licenses")
       to assist in obtaining a license.
WARNING:Security:42 - Your software subscription period has lapsed. Your current version of Xilinx tools will continue to function, but you no longer qualify for Xilinx software updates or new releases.


----------------------------------------------------------------------
This is a Full version of ISim.
Time resolution is 1 ps
# onerror resume
# wave add /
# run 1000 ns
Simulator is doing circuit initialization process.
Finished circuit initialization process.
at 100 ns: Note: Test #1: R_TYPE opcode (/control_unit_tb/).
at 200 ns: Note: Test #2: LW opcode (/control_unit_tb/).
at 300 ns: Note: Test #3: SW opcode (/control_unit_tb/).
at 400 ns: Note: Test #4: Branch_equals opcode (/control_unit_tb/).
at 500 ns: Note: Test #5: ADD_I opcode (/control_unit_tb/).
# exit 0
